<?xml version="1.0" encoding="UTF-8"?>
<Site BuildName="Win32-mingw32-make"
	BuildStamp="20231106-1026-Experimental"
	Name="LAPTOP-8B6SHJ0Q"
	Generator="ctest-3.28.0-rc3"
	CompilerName="C:/msys64/ucrt64/bin/g++.exe"
	CompilerVersion="13.2.0"
	OSName="Windows"
	Hostname="LAPTOP-8B6SHJ0Q"
	OSRelease=" Personal"
	OSVersion=" (Build 22621)"
	OSPlatform="AMD64"
	Is64Bits="1"
	VendorString="AuthenticAMD"
	VendorID="Advanced Micro Devices"
	FamilyID="15"
	ModelID="8"
	ProcessorCacheSize="96"
	NumberOfLogicalCPU="8"
	NumberOfPhysicalCPU="4"
	TotalVirtualMemory="17705"
	TotalPhysicalMemory="14249"
	LogicalProcessorsPerPhysical="2"
	ProcessorClockFrequency="2096"
	>
	<Testing>
		<StartDateTime>Nov 06 11:42 ora solare Europa occidentale</StartDateTime>
		<StartTestTime>1699267375</StartTestTime>
		<TestList/>
		<EndDateTime>Nov 06 11:42 ora solare Europa occidentale</EndDateTime>
		<EndTestTime>1699267375</EndTestTime>
		<ElapsedMinutes>0</ElapsedMinutes>
	</Testing>
</Site>
